Build started 11/26/2019 1:29:53 PM.
     1>Project "I:\19201-CSC350A\MONIKAWORWA_2020\CSC350 Project pt 2\CSC350 Project pt 2\CSC350 Project pt 2.vcxproj" on node 2 (Build target(s)).
     1>ClCompile:
         C:\Program Files (x86)\Microsoft Visual Studio 12.0\VC\bin\CL.exe /c /ZI /nologo /W3 /WX- /sdl /Od /Oy- /D _MBCS /Gm /EHsc /RTC1 /MDd /GS /fp:precise /Zc:wchar_t /Zc:forScope /Fo"Debug\\" /Fd"Debug\vc120.pdb" /Gd /TP /analyze- /errorReport:prompt main.cpp
         main.cpp
     1>i:\19201-csc350a\monikaworwa_2020\csc350 project pt 2\csc350 project pt 2\main.cpp(41): warning C4305: 'argument' : truncation from 'double' to 'float'
     1>i:\19201-csc350a\monikaworwa_2020\csc350 project pt 2\csc350 project pt 2\main.cpp(41): warning C4244: 'argument' : conversion from 'int' to 'float', possible loss of data
     1>i:\19201-csc350a\monikaworwa_2020\csc350 project pt 2\csc350 project pt 2\main.cpp(43): warning C4244: 'argument' : conversion from 'int' to 'float', possible loss of data
       Link:
         C:\Program Files (x86)\Microsoft Visual Studio 12.0\VC\bin\link.exe /ERRORREPORT:PROMPT /OUT:"I:\19201-CSC350A\MONIKAWORWA_2020\CSC350 Project pt 2\Debug\CSC350 Project pt 2.exe" /INCREMENTAL /NOLOGO kernel32.lib user32.lib gdi32.lib winspool.lib comdlg32.lib advapi32.lib shell32.lib ole32.lib oleaut32.lib uuid.lib odbc32.lib odbccp32.lib /MANIFEST /MANIFESTUAC:"level='asInvoker' uiAccess='false'" /manifest:embed /DEBUG /PDB:"I:\19201-CSC350A\MONIKAWORWA_2020\CSC350 Project pt 2\Debug\CSC350 Project pt 2.pdb" /TLBID:1 /DYNAMICBASE /NXCOMPAT /IMPLIB:"I:\19201-CSC350A\MONIKAWORWA_2020\CSC350 Project pt 2\Debug\CSC350 Project pt 2.lib" /MACHINE:X86 Debug\Color.obj
         Debug\main.obj
         Debug\Matrix.obj
         Debug\Model.obj
         Debug\Raster.obj
         Debug\Triangle.obj
         Debug\Vector.obj
         CSC350 Project pt 2.vcxproj -> I:\19201-CSC350A\MONIKAWORWA_2020\CSC350 Project pt 2\Debug\CSC350 Project pt 2.exe
     1>Done Building Project "I:\19201-CSC350A\MONIKAWORWA_2020\CSC350 Project pt 2\CSC350 Project pt 2\CSC350 Project pt 2.vcxproj" (Build target(s)).

Build succeeded.

Time Elapsed 00:00:02.05
